<?xml version="1.0" encoding="UTF-8"?>
<testng-results ignored="0" total="1" passed="1" failed="0" skipped="0">
  <reporter-output>
  </reporter-output>
  <suite started-at="2021-06-16T16:50:01 IST" name="Default suite" finished-at="2021-06-16T16:50:23 IST" duration-ms="22386">
    <groups>
    </groups>
    <test started-at="2021-06-16T16:50:01 IST" name="Default test" finished-at="2021-06-16T16:50:23 IST" duration-ms="22386">
      <class name="testcases.TC_001">
        <test-method signature="tc001()[pri:0, instance:testcases.TC_001@7c0c77c7]" started-at="2021-06-16T16:50:01 IST" name="tc001" finished-at="2021-06-16T16:50:23 IST" duration-ms="22308" status="PASS">
          <reporter-output>
          </reporter-output>
        </test-method> <!-- tc001 -->
      </class> <!-- testcases.TC_001 -->
    </test> <!-- Default test -->
  </suite> <!-- Default suite -->
</testng-results>
